  main.cpp
e:\圖學\hw3\openglframework-vs2017\openglframework-vs2017\main.cpp(311): warning C4244: 'argument': conversion from 'double' to 'float', possible loss of data
e:\圖學\hw3\openglframework-vs2017\openglframework-vs2017\main.cpp(368): warning C4244: 'argument': conversion from 'GLint' to 'GLfloat', possible loss of data
e:\圖學\hw3\openglframework-vs2017\openglframework-vs2017\main.cpp(357): warning C4101: 'light_intensity': unreferenced local variable
e:\圖學\hw3\openglframework-vs2017\openglframework-vs2017\main.cpp(356): warning C4101: 'lisht_pos': unreferenced local variable
e:\圖學\hw3\openglframework-vs2017\openglframework-vs2017\main.cpp(442): warning C4267: '=': conversion from 'size_t' to 'int', possible loss of data
e:\圖學\hw3\openglframework-vs2017\openglframework-vs2017\main.cpp(517): warning C4244: '-=': conversion from 'double' to 'float', possible loss of data
e:\圖學\hw3\openglframework-vs2017\openglframework-vs2017\main.cpp(522): warning C4244: '+=': conversion from 'double' to 'float', possible loss of data
e:\圖學\hw3\openglframework-vs2017\openglframework-vs2017\main.cpp(527): warning C4244: '+=': conversion from 'double' to 'float', possible loss of data
e:\圖學\hw3\openglframework-vs2017\openglframework-vs2017\main.cpp(532): warning C4244: '+=': conversion from 'double' to 'float', possible loss of data
e:\圖學\hw3\openglframework-vs2017\openglframework-vs2017\main.cpp(535): warning C4244: '+=': conversion from 'double' to 'float', possible loss of data
e:\圖學\hw3\openglframework-vs2017\openglframework-vs2017\main.cpp(538): warning C4244: '+=': conversion from 'double' to 'float', possible loss of data
e:\圖學\hw3\openglframework-vs2017\openglframework-vs2017\main.cpp(563): warning C4244: 'initializing': conversion from 'int' to 'float', possible loss of data
e:\圖學\hw3\openglframework-vs2017\openglframework-vs2017\main.cpp(564): warning C4244: 'initializing': conversion from 'int' to 'float', possible loss of data
e:\圖學\hw3\openglframework-vs2017\openglframework-vs2017\main.cpp(570): warning C4244: '+=': conversion from 'double' to 'float', possible loss of data
e:\圖學\hw3\openglframework-vs2017\openglframework-vs2017\main.cpp(571): warning C4244: '+=': conversion from 'double' to 'float', possible loss of data
e:\圖學\hw3\openglframework-vs2017\openglframework-vs2017\main.cpp(576): warning C4244: '+=': conversion from 'double' to 'float', possible loss of data
e:\圖學\hw3\openglframework-vs2017\openglframework-vs2017\main.cpp(577): warning C4244: '-=': conversion from 'double' to 'float', possible loss of data
e:\圖學\hw3\openglframework-vs2017\openglframework-vs2017\main.cpp(582): warning C4244: '+=': conversion from 'double' to 'float', possible loss of data
e:\圖學\hw3\openglframework-vs2017\openglframework-vs2017\main.cpp(583): warning C4244: '+=': conversion from 'double' to 'float', possible loss of data
e:\圖學\hw3\openglframework-vs2017\openglframework-vs2017\main.cpp(588): warning C4244: '+=': conversion from 'double' to 'float', possible loss of data
e:\圖學\hw3\openglframework-vs2017\openglframework-vs2017\main.cpp(589): warning C4244: '+=': conversion from 'double' to 'float', possible loss of data
e:\圖學\hw3\openglframework-vs2017\openglframework-vs2017\main.cpp(592): warning C4244: '+=': conversion from 'double' to 'float', possible loss of data
e:\圖學\hw3\openglframework-vs2017\openglframework-vs2017\main.cpp(593): warning C4244: '+=': conversion from 'double' to 'float', possible loss of data
e:\圖學\hw3\openglframework-vs2017\openglframework-vs2017\main.cpp(596): warning C4244: '+=': conversion from 'double' to 'float', possible loss of data
e:\圖學\hw3\openglframework-vs2017\openglframework-vs2017\main.cpp(597): warning C4244: '+=': conversion from 'double' to 'float', possible loss of data
e:\圖學\hw3\openglframework-vs2017\openglframework-vs2017\main.cpp(882): warning C4267: '=': conversion from 'size_t' to 'int', possible loss of data
e:\圖學\hw3\openglframework-vs2017\openglframework-vs2017\main.cpp(948): warning C4477: 'printf' : format string '%d' requires an argument of type 'int', but variadic argument 1 has type 'unsigned __int64'
  e:\圖學\hw3\openglframework-vs2017\openglframework-vs2017\main.cpp(948): note: consider using '%zd' in the format string
e:\圖學\hw3\openglframework-vs2017\openglframework-vs2017\main.cpp(948): warning C4477: 'printf' : format string '%d' requires an argument of type 'int', but variadic argument 2 has type 'unsigned __int64'
  e:\圖學\hw3\openglframework-vs2017\openglframework-vs2017\main.cpp(948): note: consider using '%zd' in the format string
e:\圖學\hw3\openglframework-vs2017\openglframework-vs2017\main.cpp(998): warning C4305: '=': truncation from 'double' to 'GLfloat'
e:\圖學\hw3\openglframework-vs2017\openglframework-vs2017\main.cpp(1053): warning C4305: 'argument': truncation from 'double' to 'GLfloat'
  OpenGLFramework-VS2017.vcxproj -> E:\圖學\HW3\OpenGLFramework-VS2017\x64\Debug\OpenGLFramework-VS2017.exe
