  main.cpp
e:\圖學\hw2\hw2_vs2017_framework - 複製\openglframework-vs2017\main.cpp(348): warning C4244: '=': conversion from 'double' to 'GLfloat', possible loss of data
e:\圖學\hw2\hw2_vs2017_framework - 複製\openglframework-vs2017\main.cpp(394): warning C4244: 'argument': conversion from 'GLint' to 'GLfloat', possible loss of data
e:\圖學\hw2\hw2_vs2017_framework - 複製\openglframework-vs2017\main.cpp(383): warning C4101: 'light_intensity': unreferenced local variable
e:\圖學\hw2\hw2_vs2017_framework - 複製\openglframework-vs2017\main.cpp(382): warning C4101: 'lisht_pos': unreferenced local variable
e:\圖學\hw2\hw2_vs2017_framework - 複製\openglframework-vs2017\main.cpp(444): warning C4244: 'argument': conversion from 'GLfloat' to 'GLsizei', possible loss of data
e:\圖學\hw2\hw2_vs2017_framework - 複製\openglframework-vs2017\main.cpp(449): warning C4244: 'argument': conversion from 'GLfloat' to 'GLsizei', possible loss of data
e:\圖學\hw2\hw2_vs2017_framework - 複製\openglframework-vs2017\main.cpp(449): warning C4244: 'argument': conversion from 'GLfloat' to 'GLint', possible loss of data
e:\圖學\hw2\hw2_vs2017_framework - 複製\openglframework-vs2017\main.cpp(518): warning C4244: 'argument': conversion from 'double' to 'float', possible loss of data
e:\圖學\hw2\hw2_vs2017_framework - 複製\openglframework-vs2017\main.cpp(521): warning C4244: 'argument': conversion from 'double' to 'float', possible loss of data
e:\圖學\hw2\hw2_vs2017_framework - 複製\openglframework-vs2017\main.cpp(524): warning C4244: 'argument': conversion from 'double' to 'float', possible loss of data
e:\圖學\hw2\hw2_vs2017_framework - 複製\openglframework-vs2017\main.cpp(529): warning C4244: 'argument': conversion from 'double' to 'float', possible loss of data
e:\圖學\hw2\hw2_vs2017_framework - 複製\openglframework-vs2017\main.cpp(533): warning C4244: 'argument': conversion from 'double' to 'float', possible loss of data
e:\圖學\hw2\hw2_vs2017_framework - 複製\openglframework-vs2017\main.cpp(537): warning C4244: '+=': conversion from 'double' to 'GLint', possible loss of data
e:\圖學\hw2\hw2_vs2017_framework - 複製\openglframework-vs2017\main.cpp(542): warning C4244: '+=': conversion from 'double' to 'GLint', possible loss of data
e:\圖學\hw2\hw2_vs2017_framework - 複製\openglframework-vs2017\main.cpp(569): warning C4244: 'argument': conversion from 'double' to 'float', possible loss of data
e:\圖學\hw2\hw2_vs2017_framework - 複製\openglframework-vs2017\main.cpp(572): warning C4244: 'argument': conversion from 'double' to 'float', possible loss of data
e:\圖學\hw2\hw2_vs2017_framework - 複製\openglframework-vs2017\main.cpp(575): warning C4244: 'argument': conversion from 'double' to 'float', possible loss of data
e:\圖學\hw2\hw2_vs2017_framework - 複製\openglframework-vs2017\main.cpp(579): warning C4244: 'argument': conversion from 'double' to 'float', possible loss of data
e:\圖學\hw2\hw2_vs2017_framework - 複製\openglframework-vs2017\main.cpp(583): warning C4244: 'argument': conversion from 'double' to 'float', possible loss of data
e:\圖學\hw2\hw2_vs2017_framework - 複製\openglframework-vs2017\main.cpp(587): warning C4244: 'argument': conversion from 'double' to 'float', possible loss of data
e:\圖學\hw2\hw2_vs2017_framework - 複製\openglframework-vs2017\main.cpp(593): warning C4244: '=': conversion from 'double' to 'int', possible loss of data
e:\圖學\hw2\hw2_vs2017_framework - 複製\openglframework-vs2017\main.cpp(594): warning C4244: '=': conversion from 'double' to 'int', possible loss of data
e:\圖學\hw2\hw2_vs2017_framework - 複製\openglframework-vs2017\main.cpp(845): warning C4477: 'printf' : format string '%d' requires an argument of type 'int', but variadic argument 1 has type 'unsigned __int64'
  e:\圖學\hw2\hw2_vs2017_framework - 複製\openglframework-vs2017\main.cpp(845): note: consider using '%zd' in the format string
e:\圖學\hw2\hw2_vs2017_framework - 複製\openglframework-vs2017\main.cpp(845): warning C4477: 'printf' : format string '%d' requires an argument of type 'int', but variadic argument 2 has type 'unsigned __int64'
  e:\圖學\hw2\hw2_vs2017_framework - 複製\openglframework-vs2017\main.cpp(845): note: consider using '%zd' in the format string
e:\圖學\hw2\hw2_vs2017_framework - 複製\openglframework-vs2017\main.cpp(875): warning C4267: '=': conversion from 'size_t' to 'int', possible loss of data
e:\圖學\hw2\hw2_vs2017_framework - 複製\openglframework-vs2017\main.cpp(907): warning C4305: '=': truncation from 'double' to 'GLfloat'
e:\圖學\hw2\hw2_vs2017_framework - 複製\openglframework-vs2017\main.cpp(940): warning C4305: 'argument': truncation from 'double' to 'GLfloat'
  OpenGLFramework-VS2017.vcxproj -> E:\圖學\HW2\HW2_VS2017_Framework - 複製\x64\Debug\OpenGLFramework-VS2017.exe
